<?xml version="1.0" encoding="UTF-8"?>
<testsuite name="MoodAnalyserTest" tests="2" skipped="0" failures="0" errors="0" timestamp="2020-11-13T13:10:46" hostname="DESKTOP-9G5SK1M" time="0.012">
  <properties/>
  <testcase name="testMoodAnalysis" classname="MoodAnalyserTest" time="0.012"/>
  <testcase name="HappyMoods" classname="MoodAnalyserTest" time="0.0"/>
  <system-out><![CDATA[SAD
]]></system-out>
  <system-err><![CDATA[]]></system-err>
</testsuite>
